{
  "RSpec": {
    "coverage": {
      "/mnt/c/Users/ardus/repos/selt/SELT_Final_Project/app/helpers/application_helper.rb": {
        "lines": [
          1,
          null
        ]
      },
      "/mnt/c/Users/ardus/repos/selt/SELT_Final_Project/app/helpers/reviews_helper.rb": {
        "lines": [
          1,
          null,
          null,
          null
        ]
      },
      "/mnt/c/Users/ardus/repos/selt/SELT_Final_Project/app/helpers/sessions_helper.rb": {
        "lines": [
          1,
          null,
          1,
          32,
          24,
          null,
          null,
          null,
          null,
          1,
          2,
          null,
          null,
          null,
          1,
          1,
          1,
          null,
          null,
          1,
          6,
          2,
          2,
          null,
          null,
          null
        ]
      },
      "/mnt/c/Users/ardus/repos/selt/SELT_Final_Project/app/controllers/bookmarks_controller.rb": {
        "lines": [
          1,
          1,
          null,
          1,
          null,
          5,
          2,
          null,
          2,
          null,
          1,
          1,
          null,
          null,
          null,
          1,
          null,
          5,
          1,
          null,
          3,
          null,
          1,
          1,
          null,
          null,
          null
        ]
      },
      "/mnt/c/Users/ardus/repos/selt/SELT_Final_Project/app/controllers/application_controller.rb": {
        "lines": [
          1,
          1,
          1,
          null,
          1,
          null,
          1,
          null,
          26,
          1,
          1,
          null,
          null,
          null,
          1,
          4,
          4,
          1,
          null,
          null,
          null,
          1,
          0,
          0,
          0,
          0,
          null,
          null,
          1,
          54,
          54,
          15,
          15,
          null,
          null,
          null,
          1,
          6,
          6,
          2,
          2,
          null,
          null,
          null,
          1,
          14,
          6,
          null,
          null,
          null,
          1,
          0,
          0,
          null,
          null,
          null,
          1,
          null,
          null,
          3,
          null,
          null,
          1,
          1,
          null,
          null,
          2,
          1,
          1,
          1,
          null,
          null,
          null,
          null,
          1,
          null,
          null,
          3,
          null,
          1,
          1,
          null,
          null,
          2,
          1,
          1,
          1,
          null,
          null,
          null,
          null,
          1,
          null,
          null,
          6,
          0,
          0,
          null,
          null,
          null,
          null,
          1,
          null,
          null,
          5,
          null,
          1,
          1,
          null,
          null,
          4,
          1,
          3,
          1,
          null,
          null,
          null,
          null
        ]
      },
      "/mnt/c/Users/ardus/repos/selt/SELT_Final_Project/app/controllers/checkout_controller.rb": {
        "lines": [
          1,
          1,
          1,
          null,
          1,
          1,
          1,
          null,
          null,
          null,
          1,
          null,
          2,
          null,
          2,
          1,
          null,
          1,
          null,
          null,
          null
        ]
      },
      "/mnt/c/Users/ardus/repos/selt/SELT_Final_Project/app/controllers/faq_controller.rb": {
        "lines": [
          1,
          null,
          1,
          null,
          4,
          null,
          null,
          null
        ]
      },
      "/mnt/c/Users/ardus/repos/selt/SELT_Final_Project/app/controllers/home_controller.rb": {
        "lines": [
          1,
          1,
          null,
          2,
          null,
          null,
          null,
          null,
          null,
          2,
          2,
          2,
          null,
          null,
          2,
          1,
          1,
          null,
          1,
          null,
          null,
          null,
          null,
          2,
          3,
          3,
          3,
          3,
          null,
          null,
          null,
          null
        ]
      },
      "/mnt/c/Users/ardus/repos/selt/SELT_Final_Project/app/controllers/items_controller.rb": {
        "lines": [
          1,
          1,
          1,
          1,
          null,
          null,
          1,
          1,
          1,
          null,
          null,
          null,
          1,
          2,
          2,
          null,
          null,
          null,
          1,
          11,
          11,
          11,
          11,
          11,
          1,
          null,
          null,
          null,
          null,
          1,
          1,
          null,
          null,
          null,
          1,
          null,
          4,
          null,
          3,
          null,
          null,
          1,
          null,
          null,
          4,
          null,
          null,
          null,
          1,
          3,
          1,
          null,
          2,
          null,
          3,
          null,
          null,
          1,
          null,
          1,
          null,
          null,
          null
        ]
      },
      "/mnt/c/Users/ardus/repos/selt/SELT_Final_Project/app/controllers/reviews_controller.rb": {
        "lines": [
          1,
          null,
          1,
          1,
          1,
          1,
          1,
          null,
          1,
          3,
          null,
          null,
          3,
          null,
          3,
          2,
          2,
          1,
          1,
          null,
          1,
          1,
          null,
          null,
          1,
          1,
          null,
          null,
          null,
          1,
          2,
          1,
          1,
          null,
          1,
          null,
          2,
          null,
          null
        ]
      },
      "/mnt/c/Users/ardus/repos/selt/SELT_Final_Project/app/controllers/search_controller.rb": {
        "lines": [
          1,
          null,
          1,
          4,
          2,
          null,
          2,
          null,
          null,
          null
        ]
      },
      "/mnt/c/Users/ardus/repos/selt/SELT_Final_Project/app/controllers/sessions_controller.rb": {
        "lines": [
          1,
          1,
          null,
          null,
          1,
          2,
          2,
          2,
          2,
          null,
          null,
          null,
          1,
          4,
          4,
          4,
          4,
          null,
          null
        ]
      },
      "/mnt/c/Users/ardus/repos/selt/SELT_Final_Project/app/controllers/users_controller.rb": {
        "lines": [
          1,
          1,
          1,
          1,
          null,
          null,
          1,
          2,
          2,
          null,
          null,
          null,
          1,
          4,
          null,
          null,
          null,
          null,
          null,
          1,
          8,
          null,
          8,
          null,
          8,
          null,
          8,
          2,
          2,
          2,
          6,
          2,
          2,
          2,
          null,
          null,
          4,
          null,
          4,
          2,
          2,
          null,
          2,
          null,
          null,
          4,
          null,
          null,
          1,
          9,
          null,
          9,
          null,
          9,
          2,
          2,
          2,
          7,
          2,
          2,
          2,
          null,
          null,
          5,
          1,
          null,
          null,
          5,
          3,
          3,
          null,
          2,
          null,
          5,
          null,
          null,
          1,
          null,
          5,
          2,
          null,
          3,
          3,
          1,
          null,
          2,
          null,
          null,
          null,
          null,
          null,
          null,
          null,
          1,
          5,
          2,
          null,
          null,
          3,
          null,
          3,
          1,
          null,
          2,
          null,
          null,
          null,
          null,
          null,
          null
        ]
      },
      "/mnt/c/Users/ardus/repos/selt/SELT_Final_Project/app/models/address.rb": {
        "lines": [
          null,
          1,
          null,
          1,
          null,
          null,
          1,
          1,
          1,
          1,
          1,
          null,
          null,
          null,
          1,
          8,
          null,
          null,
          1,
          1,
          8,
          null,
          null,
          1,
          7,
          null,
          null,
          1,
          7,
          null,
          null,
          1,
          6,
          null,
          null,
          1,
          6,
          null,
          null,
          1,
          5,
          null,
          null,
          null,
          null
        ]
      },
      "/mnt/c/Users/ardus/repos/selt/SELT_Final_Project/app/models/application_record.rb": {
        "lines": [
          1,
          1,
          null
        ]
      },
      "/mnt/c/Users/ardus/repos/selt/SELT_Final_Project/app/models/bookmark.rb": {
        "lines": [
          1,
          1,
          1,
          null,
          1,
          1,
          null,
          null
        ]
      },
      "/mnt/c/Users/ardus/repos/selt/SELT_Final_Project/app/models/category.rb": {
        "lines": [
          1,
          1,
          null,
          1,
          null
        ]
      },
      "/mnt/c/Users/ardus/repos/selt/SELT_Final_Project/app/models/faq.rb": {
        "lines": [
          null,
          1,
          null,
          null,
          1,
          null,
          null,
          null,
          null,
          null,
          null,
          null,
          null,
          null,
          null,
          null,
          null,
          null,
          1,
          1,
          null,
          null,
          null,
          null
        ]
      },
      "/mnt/c/Users/ardus/repos/selt/SELT_Final_Project/app/models/image.rb": {
        "lines": [
          null,
          1,
          null,
          1,
          null,
          null,
          1,
          1,
          1,
          null,
          1,
          null,
          1,
          1,
          1,
          1,
          null,
          null,
          1,
          1,
          null,
          null,
          null,
          1,
          1,
          null,
          1,
          1,
          null,
          null,
          1,
          null,
          null
        ]
      },
      "/mnt/c/Users/ardus/repos/selt/SELT_Final_Project/app/models/item.rb": {
        "lines": [
          1,
          1,
          null,
          null,
          1,
          1,
          1,
          1,
          1,
          null,
          null,
          1,
          1,
          1,
          1,
          1,
          1,
          1,
          1,
          1,
          1,
          1,
          null,
          1,
          1,
          null,
          null,
          1,
          1,
          null,
          null,
          1,
          null,
          3,
          null,
          null,
          null,
          null,
          null,
          null,
          null,
          1,
          16,
          null,
          null,
          16,
          null,
          null,
          14,
          12,
          12,
          12,
          null,
          null,
          null,
          14,
          null,
          null,
          9,
          9,
          null,
          9,
          null,
          2,
          null,
          null,
          7,
          null,
          null,
          null,
          14,
          null,
          null,
          1,
          16,
          2,
          14,
          2,
          12,
          1,
          11,
          1,
          10,
          1,
          null,
          9,
          null,
          null,
          null,
          null,
          null,
          null,
          16,
          6,
          6,
          6,
          null,
          null,
          13,
          2,
          2,
          null,
          null,
          13,
          2,
          null,
          null,
          13,
          null,
          null,
          1,
          10,
          1,
          9,
          1,
          8,
          1,
          null,
          7,
          null,
          null,
          null,
          null,
          null,
          null,
          10,
          6,
          6,
          6,
          null,
          null,
          7,
          2,
          2,
          null,
          null,
          7,
          2,
          null,
          null,
          7,
          null,
          null,
          1,
          6,
          2,
          null,
          6,
          2,
          null,
          6,
          null,
          null,
          null,
          null,
          null,
          null,
          null,
          null,
          null,
          null,
          null,
          6,
          6,
          null,
          6,
          null,
          null,
          1,
          4,
          4,
          4,
          4,
          4,
          4,
          4,
          null,
          null,
          null,
          1,
          6,
          11,
          11,
          null,
          null,
          null,
          null,
          1,
          null,
          null,
          8,
          1,
          null,
          null,
          null,
          null,
          7,
          1,
          null,
          7,
          1,
          null,
          null,
          null,
          7,
          null,
          null,
          null,
          null,
          null,
          null,
          null,
          null,
          null,
          null,
          null,
          null,
          null,
          6,
          null,
          6,
          6,
          null,
          null,
          null,
          6,
          null,
          3,
          null,
          null,
          1,
          2,
          1,
          null,
          null,
          null,
          6,
          null,
          1,
          null,
          null,
          null,
          1,
          null,
          2,
          null,
          null,
          null,
          1,
          2,
          null,
          null,
          1,
          2,
          null,
          null,
          1,
          2,
          null,
          null,
          1,
          null,
          1,
          29,
          29,
          29,
          29,
          null,
          null,
          1,
          null,
          null,
          7,
          7,
          7,
          null,
          null,
          7,
          null,
          null,
          null
        ]
      },
      "/mnt/c/Users/ardus/repos/selt/SELT_Final_Project/app/models/payment_method.rb": {
        "lines": [
          null,
          1,
          1,
          null,
          null,
          1,
          null,
          1,
          null,
          null,
          1,
          1,
          1,
          null,
          null,
          1,
          11,
          null,
          null,
          1,
          1,
          null,
          null,
          1,
          null,
          1,
          11,
          11,
          null,
          null,
          11,
          11,
          null,
          8,
          null,
          null,
          1,
          null,
          8,
          8,
          null,
          null,
          1,
          5,
          3,
          null,
          null,
          null
        ]
      },
      "/mnt/c/Users/ardus/repos/selt/SELT_Final_Project/app/models/purchase.rb": {
        "lines": [
          1,
          1,
          1,
          1,
          1,
          1,
          null,
          1,
          1,
          null,
          1,
          1,
          null,
          1,
          2,
          null,
          null,
          null
        ]
      },
      "/mnt/c/Users/ardus/repos/selt/SELT_Final_Project/app/models/user.rb": {
        "lines": [
          1,
          1,
          null,
          1,
          1,
          1,
          1,
          1,
          1,
          1,
          1,
          null,
          1,
          1,
          null,
          20,
          null,
          null,
          1,
          1,
          null,
          1,
          1,
          null,
          null,
          null,
          null,
          null,
          null,
          null,
          1,
          19,
          null,
          null,
          1,
          2,
          2,
          1,
          null,
          null,
          null,
          1,
          3,
          3,
          1,
          null,
          2,
          null,
          null,
          null,
          1,
          2,
          null,
          null,
          1,
          null,
          3,
          3,
          null,
          null,
          3,
          2,
          2,
          null,
          null,
          null,
          null,
          2,
          null,
          3,
          null,
          null,
          1,
          2,
          null,
          null,
          1,
          4,
          null,
          3,
          1,
          null,
          2,
          2,
          1,
          null,
          1,
          null,
          null,
          null,
          null
        ]
      },
      "/mnt/c/Users/ardus/repos/selt/SELT_Final_Project/app/models/review.rb": {
        "lines": [
          null,
          1,
          1,
          null,
          1,
          3,
          null,
          null,
          null,
          null,
          null,
          null,
          null,
          null,
          null,
          null
        ]
      }
    },
    "timestamp": 1702204094
  }
}
