{
  "RSpec": {
    "coverage": {
      "/mnt/c/Users/ardus/repos/selt/SELT_Final_Project/app/helpers/application_helper.rb": {
        "lines": [
          1,
          null
        ]
      },
      "/mnt/c/Users/ardus/repos/selt/SELT_Final_Project/app/helpers/bookmarks_helper.rb": {
        "lines": [
          1,
          null
        ]
      },
      "/mnt/c/Users/ardus/repos/selt/SELT_Final_Project/app/helpers/sessions_helper.rb": {
        "lines": [
          1,
          null,
          1,
          12,
          8,
          null,
          null,
          null,
          null,
          1,
          2,
          null,
          null,
          null,
          1,
          1,
          1,
          null,
          null
        ]
      },
      "/mnt/c/Users/ardus/repos/selt/SELT_Final_Project/app/controllers/bookmarks_controller.rb": {
        "lines": [
          1,
          1,
          null,
          1,
          null,
          5,
          3,
          2,
          null,
          1,
          null,
          2,
          2,
          null,
          null,
          null,
          1,
          null,
          5,
          3,
          2,
          null,
          1,
          null,
          2,
          2,
          null,
          null,
          null
        ]
      },
      "/mnt/c/Users/ardus/repos/selt/SELT_Final_Project/app/controllers/application_controller.rb": {
        "lines": [
          1,
          1,
          null,
          1,
          null,
          1,
          33,
          33,
          15,
          15,
          null,
          null,
          null,
          1,
          0,
          null,
          null,
          null
        ]
      },
      "/mnt/c/Users/ardus/repos/selt/SELT_Final_Project/app/controllers/home_controller.rb": {
        "lines": [
          1,
          null,
          1,
          null,
          9,
          null,
          null,
          null,
          null,
          null,
          9,
          null,
          9,
          6,
          6,
          6,
          6,
          4,
          null,
          null,
          3,
          null,
          null,
          null
        ]
      },
      "/mnt/c/Users/ardus/repos/selt/SELT_Final_Project/app/controllers/items_controller.rb": {
        "lines": [
          1,
          1,
          1,
          null,
          null,
          1,
          1,
          1,
          null,
          null,
          null,
          1,
          2,
          null,
          null,
          null,
          null,
          null,
          null,
          null,
          2,
          null,
          null,
          null,
          1,
          10,
          10,
          10,
          10,
          null,
          null,
          null,
          1,
          null,
          null,
          null,
          1,
          null,
          null,
          null,
          null,
          1,
          null,
          null,
          null,
          1,
          null,
          1,
          null,
          null,
          1,
          null,
          null,
          1,
          7,
          5,
          4,
          4,
          null,
          null,
          null,
          null
        ]
      },
      "/mnt/c/Users/ardus/repos/selt/SELT_Final_Project/app/controllers/search_controller.rb": {
        "lines": [
          1,
          null,
          1,
          20,
          1,
          19,
          2,
          17,
          2,
          15,
          2,
          null,
          13,
          null,
          null,
          20,
          4,
          4,
          null,
          null,
          20,
          4,
          null,
          null,
          20,
          4,
          null,
          null,
          null
        ]
      },
      "/mnt/c/Users/ardus/repos/selt/SELT_Final_Project/app/controllers/sessions_controller.rb": {
        "lines": [
          1,
          1,
          null,
          null,
          1,
          2,
          2,
          2,
          2,
          null,
          null,
          null,
          1,
          4,
          4,
          4,
          4,
          null,
          null
        ]
      },
      "/mnt/c/Users/ardus/repos/selt/SELT_Final_Project/app/controllers/users_controller.rb": {
        "lines": [
          1,
          1,
          1,
          null,
          null,
          1,
          2,
          null,
          null,
          null,
          1,
          3,
          null,
          null,
          null,
          1,
          null,
          null,
          null,
          null,
          1,
          null,
          null,
          null,
          1,
          null,
          null,
          1,
          6,
          5,
          2,
          2,
          null,
          null,
          null
        ]
      },
      "/mnt/c/Users/ardus/repos/selt/SELT_Final_Project/app/models/address.rb": {
        "lines": [
          null,
          1,
          null,
          1,
          null,
          null,
          1,
          1,
          1,
          1,
          1,
          1,
          1,
          null
        ]
      },
      "/mnt/c/Users/ardus/repos/selt/SELT_Final_Project/app/models/application_record.rb": {
        "lines": [
          1,
          1,
          null
        ]
      },
      "/mnt/c/Users/ardus/repos/selt/SELT_Final_Project/app/models/bookmark.rb": {
        "lines": [
          1,
          1,
          1,
          null,
          1,
          1,
          null,
          null
        ]
      },
      "/mnt/c/Users/ardus/repos/selt/SELT_Final_Project/app/models/category.rb": {
        "lines": [
          1,
          1,
          null,
          1,
          null
        ]
      },
      "/mnt/c/Users/ardus/repos/selt/SELT_Final_Project/app/models/image.rb": {
        "lines": [
          null,
          1,
          null,
          1,
          null,
          null,
          1,
          1,
          1,
          null,
          null,
          1,
          93,
          185,
          93,
          null,
          null,
          1,
          1,
          null,
          null
        ]
      },
      "/mnt/c/Users/ardus/repos/selt/SELT_Final_Project/app/models/item.rb": {
        "lines": [
          1,
          null,
          1,
          1,
          1,
          1,
          null,
          null,
          1,
          1,
          1,
          1,
          null,
          1,
          16,
          null,
          null,
          16,
          null,
          null,
          14,
          12,
          12,
          12,
          null,
          null,
          null,
          14,
          null,
          null,
          9,
          9,
          null,
          9,
          null,
          2,
          null,
          null,
          7,
          null,
          null,
          null,
          14,
          null,
          null,
          1,
          3,
          3,
          3,
          3,
          3,
          3,
          3,
          3,
          null,
          3,
          3,
          3,
          null,
          null,
          3,
          null,
          null,
          1,
          null,
          1,
          null,
          null
        ]
      },
      "/mnt/c/Users/ardus/repos/selt/SELT_Final_Project/app/models/payment_method.rb": {
        "lines": [
          null,
          1,
          null,
          1,
          null,
          null,
          1,
          1,
          1,
          1,
          null
        ]
      },
      "/mnt/c/Users/ardus/repos/selt/SELT_Final_Project/app/models/user.rb": {
        "lines": [
          1,
          1,
          null,
          1,
          1,
          1,
          1,
          1,
          null,
          550,
          null,
          null,
          1,
          1,
          null,
          1,
          0,
          null,
          null,
          null,
          null,
          null,
          null,
          null,
          1,
          549,
          null,
          null,
          1,
          2,
          1,
          null,
          null,
          null,
          1,
          3,
          1,
          null,
          2,
          null,
          null,
          null,
          1,
          2,
          null,
          null,
          null
        ]
      }
    },
    "timestamp": 1700428003
  }
}
